<?xml version="1.0" encoding="UTF-8"?>
<!-- Generated by org.testng.reporters.JUnitXMLReporter -->
<testsuite ignored="0" hostname="ITEM-S109650" failures="0" tests="3" name="Test_chrome" time="48.068" errors="0" timestamp="2022-04-03T21:26:22 IST">
  <testcase classname="crossBrowserTests.CBT_Tests" name="test1" time="7.79"/>
  <testcase classname="crossBrowserTests.CBT_Tests" name="test2" time="8.015"/>
  <testcase classname="crossBrowserTests.CBT_Tests" name="test3" time="10.483"/>
</testsuite> <!-- Test_chrome -->
