<?xml version="1.0" encoding="UTF-8"?>
<!-- Generated by org.testng.reporters.JUnitXMLReporter -->
<testsuite ignored="0" hostname="ITEM-S109650" failures="1" tests="1" name="Test_MouseHover_Chrome" time="0.072" errors="0" timestamp="2022-04-03T21:25:34 IST">
  <testcase classname="testCases.MouserHover" name="testCase_1" time="0.012">
    <failure type="java.lang.NullPointerException" message="Cannot invoke &amp;quot;org.openqa.selenium.WebDriver.get(String)&amp;quot; because &amp;quot;this.driver&amp;quot; is null">
      <![CDATA[java.lang.NullPointerException: Cannot invoke "org.openqa.selenium.WebDriver.get(String)" because "this.driver" is null
at testCases.MouserHover.testCase_1(MouserHover.java:28)
at java.base/java.util.ArrayList.forEach(ArrayList.java:1511)
... Removed 27 stack frames]]>
    </failure>
  </testcase> <!-- testCase_1 -->
</testsuite> <!-- Test_MouseHover_Chrome -->
