<?xml version="1.0" encoding="UTF-8"?>
<!-- Generated by org.testng.reporters.JUnitXMLReporter -->
<testsuite ignored="0" hostname="ITEM-S109650" failures="0" tests="3" name="Test1" time="39.586" errors="0" timestamp="2022-04-03T21:01:42 IST">
  <testcase classname="crossBrowserTests.CBT_Tests" name="test1" time="5.166"/>
  <testcase classname="crossBrowserTests.CBT_Tests" name="test2" time="3.231"/>
  <testcase classname="crossBrowserTests.CBT_Tests" name="test3" time="8.321"/>
</testsuite> <!-- Test1 -->
