<?xml version="1.0" encoding="UTF-8"?>
<!-- Generated by org.testng.reporters.JUnitXMLReporter -->
<testsuite ignored="0" hostname="ITEM-S109650" failures="0" tests="3" name="Test_firefox" time="46.754" errors="0" timestamp="2022-04-03T21:27:09 IST">
  <testcase classname="crossBrowserTests.CBT_Tests" name="test1" time="7.077"/>
  <testcase classname="crossBrowserTests.CBT_Tests" name="test2" time="5.938"/>
  <testcase classname="crossBrowserTests.CBT_Tests" name="test3" time="12.932"/>
</testsuite> <!-- Test_firefox -->
