<?xml version="1.0" encoding="UTF-8"?>
<testng-results ignored="0" total="1" passed="1" failed="0" skipped="0">
  <reporter-output>
  </reporter-output>
  <suite started-at="2022-04-03T22:51:28 IST" name="Default suite" finished-at="2022-04-03T22:51:41 IST" duration-ms="12994">
    <groups>
    </groups>
    <test started-at="2022-04-03T22:51:28 IST" name="Default test" finished-at="2022-04-03T22:51:41 IST" duration-ms="12994">
      <class name="debugginsTestCases.FailedTests">
        <test-method signature="failedTestCase()[pri:0, instance:debugginsTestCases.FailedTests@123ef382]" started-at="2022-04-03T22:51:28 IST" name="failedTestCase" finished-at="2022-04-03T22:51:41 IST" duration-ms="12906" status="PASS">
          <reporter-output>
          </reporter-output>
        </test-method> <!-- failedTestCase -->
      </class> <!-- debugginsTestCases.FailedTests -->
    </test> <!-- Default test -->
  </suite> <!-- Default suite -->
</testng-results>
